<?xml version="1.0" encoding="UTF-8" ?>
<testsuite tests="7" failures="0" name="TestSuite" time="17.547" errors="0" skipped="0">
  <properties>
    <property name="JOB_NAME" value="LMSTestJob"/>
    <property name="java.vendor" value="Oracle Corporation"/>
    <property name="ANDROID_SDK_HOME" value="C:\Android"/>
    <property name="sun.java.launcher" value="SUN_STANDARD"/>
    <property name="NUMBER_OF_PROCESSORS" value="4"/>
    <property name="sun.management.compiler" value="HotSpot 64-Bit Tiered Compilers"/>
    <property name="JENKINS_HOME" value="C:\Users\Chinmay\.jenkins"/>
    <property name="HUDSON_SERVER_COOKIE" value="d4a3a0f39fd766af"/>
    <property name="POM_ARTIFACTID" value="FreeCRMTest"/>
    <property name="os.name" value="Windows 7"/>
    <property name="EXECUTOR_NUMBER" value="1"/>
    <property name="sun.desktop" value="windows"/>
    <property name="PATHEXT" value=".COM;.EXE;.BAT;.CMD;.VBS;.VBE;.JS;.JSE;.WSF;.WSH;.MSC"/>
    <property name="POM_DISPLAYNAME" value="FreeCRMTest"/>
    <property name="java.vm.specification.vendor" value="Oracle Corporation"/>
    <property name="TEMP" value="C:\Users\Chinmay\AppData\Local\Temp"/>
    <property name="NODE_LABELS" value="master"/>
    <property name="java.runtime.version" value="12.0.2+10"/>
    <property name="user.name" value="Chinmay"/>
    <property name="guice.disable.misplaced.annotation.check" value="true"/>
    <property name="CommonProgramW6432" value="C:\Program Files\Common Files"/>
    <property name="ProgramFiles" value="C:\Program Files (x86)"/>
    <property name="PROMPT" value="$P$G"/>
    <property name="user.language" value="en"/>
    <property name="JOB_BASE_NAME" value="LMSTestJob"/>
    <property name="RUN_CHANGES_DISPLAY_URL" value="http://localhost:8080/job/LMSTestJob/5/display/redirect?page=changes"/>
    <property name="BUILD_DISPLAY_NAME" value="#5"/>
    <property name="sun.boot.library.path" value="C:\Program Files (x86)\jdk-12.0.2\bin"/>
    <property name="java.vm.compressedOopsMode" value="32-bit"/>
    <property name="LOCALAPPDATA" value="C:\Users\Chinmay\AppData\Local"/>
    <property name="java.version" value="12.0.2"/>
    <property name="user.timezone" value="Asia/Calcutta"/>
    <property name="PROCESSOR_LEVEL" value="6"/>
    <property name="USERNAME" value="Chinmay"/>
    <property name="EICDDrive" value="E:\"/>
    <property name="sun.arch.data.model" value="64"/>
    <property name="PROCESSOR_ARCHITEW6432" value="AMD64"/>
    <property name="NODE_NAME" value="master"/>
    <property name="BUILD_ID" value="5"/>
    <property name="sun.cpu.isalist" value="amd64"/>
    <property name="sun.jnu.encoding" value="Cp1252"/>
    <property name="maven.conf" value="C:\Users\Chinmay\.jenkins\tools\hudson.tasks.Maven_MavenInstallation\TestMaven\conf"/>
    <property name="file.separator" value="\"/>
    <property name="java.specification.name" value="Java Platform API Specification"/>
    <property name="HOMEDRIVE" value="C:"/>
    <property name="java.class.version" value="56.0"/>
    <property name="org.slf4j.simpleLogger.defaultLogLevel" value="info"/>
    <property name="user.country" value="IN"/>
    <property name="ALLUSERSPROFILE" value="C:\ProgramData"/>
    <property name="java.home" value="C:\Program Files (x86)\jdk-12.0.2"/>
    <property name="java.vm.info" value="mixed mode, sharing"/>
    <property name="os.version" value="6.1"/>
    <property name="RUN_DISPLAY_URL" value="http://localhost:8080/job/LMSTestJob/5/display/redirect"/>
    <property name="POM_VERSION" value="0.0.1-SNAPSHOT"/>
    <property name="TMP" value="C:\Users\Chinmay\AppData\Local\Temp"/>
    <property name="path.separator" value=";"/>
    <property name="java.vm.version" value="12.0.2+10"/>
    <property name="user.variant" value=""/>
    <property name="CommonProgramFiles(x86)" value="C:\Program Files (x86)\Common Files"/>
    <property name="JOB_DISPLAY_URL" value="http://localhost:8080/job/LMSTestJob/display/redirect"/>
    <property name="FP_NO_HOST_CHECK" value="NO"/>
    <property name="CommonProgramFiles" value="C:\Program Files (x86)\Common Files"/>
    <property name="JAVA_HOME" value="C:\Program Files (x86)\jdk-12.0.2"/>
    <property name="sun.io.unicode.encoding" value="UnicodeLittle"/>
    <property name="ComSpec" value="C:\Windows\system32\cmd.exe"/>
    <property name="HOMEPATH" value="\Users\Chinmay"/>
    <property name="awt.toolkit" value="sun.awt.windows.WToolkit"/>
    <property name="POM_PACKAGING" value="jar"/>
    <property name="COMPUTERNAME" value="CHINMAY1-PC"/>
    <property name="user.script" value=""/>
    <property name="POM_GROUPID" value="FreeCRMTestAutomation"/>
    <property name="user.home" value="C:\Users\Chinmay"/>
    <property name="PUBLIC" value="C:\Users\Public"/>
    <property name="BUILD_TAG" value="jenkins-LMSTestJob-5"/>
    <property name="JENKINS_SERVER_COOKIE" value="d4a3a0f39fd766af"/>
    <property name="HUDSON_URL" value="http://localhost:8080/"/>
    <property name="ProgramData" value="C:\ProgramData"/>
    <property name="java.version.date" value="2019-07-16"/>
    <property name="java.specification.vendor" value="Oracle Corporation"/>
    <property name="USERPROFILE" value="C:\Users\Chinmay"/>
    <property name="CLASSPATH" value=""/>
    <property name="java.library.path" value="C:\Program Files (x86)\jdk-12.0.2\bin;C:\Windows\Sun\Java\bin;C:\Windows\system32;C:\Windows;C:\Users\Chinmay\.jenkins\tools\hudson.tasks.Maven_MavenInstallation\TestMaven/bin;C:\Program Files (x86)\jdk-12.0.2/bin;C:\Program Files (x86)\jdk-12.0.2/bin;C:\Program Files (x86)\Common Files\Oracle\Java\javapath;C:\Program Files (x86)\NVIDIA Corporation\PhysX\Common;C:\Windows\system32;C:\Windows;C:\Windows\System32\Wbem;C:\Windows\System32\WindowsPowerShell\v1.0\;C:\Program Files (x86)\Java\jdk1.7.0\bin;C:\Program Files (x86)\Microsoft SQL Server\90\Tools\binn\;C:\Android;C:\Windows\System32;C:\Program Files (x86)\jdk-12.0.2\bin;."/>
    <property name="java.vendor.url" value="https://java.oracle.com/"/>
    <property name="java.vm.vendor" value="Oracle Corporation"/>
    <property name="APPDATA" value="C:\Users\Chinmay\AppData\Roaming"/>
    <property name="java.runtime.name" value="OpenJDK Runtime Environment"/>
    <property name="maven.home" value="C:\Users\Chinmay\.jenkins\tools\hudson.tasks.Maven_MavenInstallation\TestMaven"/>
    <property name="java.class.path" value="C:\Users\Chinmay\.jenkins\plugins\maven-plugin\WEB-INF\lib\maven35-agent-1.13.jar;C:\Users\Chinmay\.jenkins\tools\hudson.tasks.Maven_MavenInstallation\TestMaven\boot\plexus-classworlds-2.6.0.jar;C:\Users\Chinmay\.jenkins\tools\hudson.tasks.Maven_MavenInstallation\TestMaven/conf/logging"/>
    <property name="sun.java.command" value="jenkins.maven3.agent.Maven35Main C:\Users\Chinmay\.jenkins\tools\hudson.tasks.Maven_MavenInstallation\TestMaven C:\Users\Chinmay\.jenkins\war\WEB-INF\lib\remoting-3.35.jar C:\Users\Chinmay\.jenkins\plugins\maven-plugin\WEB-INF\lib\maven35-interceptor-1.13.jar C:\Users\Chinmay\.jenkins\plugins\maven-plugin\WEB-INF\lib\maven3-interceptor-commons-1.13.jar 52286"/>
    <property name="Path" value="C:\Program Files (x86)\jdk-12.0.2/bin;C:\Program Files (x86)\Common Files\Oracle\Java\javapath;C:\Program Files (x86)\NVIDIA Corporation\PhysX\Common;C:\Windows\system32;C:\Windows;C:\Windows\System32\Wbem;C:\Windows\System32\WindowsPowerShell\v1.0\;C:\Program Files (x86)\Java\jdk1.7.0\bin;C:\Program Files (x86)\Microsoft SQL Server\90\Tools\binn\;C:\Android;C:\Windows\System32;C:\Program Files (x86)\jdk-12.0.2\bin"/>
    <property name="jdk.debug" value="release"/>
    <property name="PROCESSOR_ARCHITECTURE" value="x86"/>
    <property name="java.vm.specification.name" value="Java Virtual Machine Specification"/>
    <property name="PATH+JDK" value="C:\Program Files (x86)\jdk-12.0.2/bin"/>
    <property name="SESSIONNAME" value="Console"/>
    <property name="PROCESSOR_IDENTIFIER" value="Intel64 Family 6 Model 42 Stepping 7, GenuineIntel"/>
    <property name="java.vm.specification.version" value="12"/>
    <property name="M2_HOME" value="C:\Users\Chinmay\.jenkins\tools\hudson.tasks.Maven_MavenInstallation\TestMaven"/>
    <property name="sun.cpu.endian" value="little"/>
    <property name="sun.os.patch.level" value=""/>
    <property name="OS" value="Windows_NT"/>
    <property name="java.io.tmpdir" value="C:\Users\Chinmay\AppData\Local\Temp\"/>
    <property name="=D:" value="D:\Jenkins"/>
    <property name="HUDSON_HOME" value="C:\Users\Chinmay\.jenkins"/>
    <property name="PATH+MAVEN" value="C:\Users\Chinmay\.jenkins\tools\hudson.tasks.Maven_MavenInstallation\TestMaven/bin"/>
    <property name="ProgramFiles(x86)" value="C:\Program Files (x86)"/>
    <property name="java.vendor.url.bug" value="https://bugreport.java.com/bugreport/"/>
    <property name="BUILD_URL" value="http://localhost:8080/job/LMSTestJob/5/"/>
    <property name="SystemRoot" value="C:\Windows"/>
    <property name="os.arch" value="amd64"/>
    <property name="java.awt.graphicsenv" value="sun.awt.Win32GraphicsEnvironment"/>
    <property name="user.dir" value="D:\SeleniumProjects\FreeCRMTest"/>
    <property name="JOB_URL" value="http://localhost:8080/job/LMSTestJob/"/>
    <property name="LOGONSERVER" value="\\CHINMAY1-PC"/>
    <property name="USERDOMAIN" value="CHINMAY1-PC"/>
    <property name="MAVEN_HOME" value="C:\Users\Chinmay\.jenkins\tools\hudson.tasks.Maven_MavenInstallation\TestMaven"/>
    <property name="line.separator" value="
"/>
    <property name="java.vm.name" value="OpenJDK 64-Bit Server VM"/>
    <property name="BUILD_NUMBER" value="5"/>
    <property name="PROCESSOR_REVISION" value="2a07"/>
    <property name="JENKINS_URL" value="http://localhost:8080/"/>
    <property name="ProgramW6432" value="C:\Program Files"/>
    <property name="windir" value="C:\Windows"/>
    <property name="=C:" value="C:\Users\Chinmay"/>
    <property name="file.encoding" value="Cp1252"/>
    <property name="SystemDrive" value="C:"/>
    <property name="maven3.interceptor" value="C:\Users\Chinmay\.jenkins\plugins\maven-plugin\WEB-INF\lib\maven35-interceptor-1.13.jar"/>
    <property name="WORKSPACE" value="C:\Users\Chinmay\.jenkins\workspace\LMSTestJob"/>
    <property name="maven3.interceptor.common" value="C:\Users\Chinmay\.jenkins\plugins\maven-plugin\WEB-INF\lib\maven3-interceptor-commons-1.13.jar"/>
    <property name="PSModulePath" value="C:\Windows\system32\WindowsPowerShell\v1.0\Modules\"/>
    <property name="java.specification.version" value="12"/>
  </properties>
  <testcase classname="com.lms.qa.testcases.AllSwipeDetailsReportTest" name="calculateInOutTimeAndDisplayOnScreen" time="4.69"/>
  <testcase classname="com.lms.qa.testcases.AttendanceRegularizationTest" name="fillAttendanceRegularizationTest" time="3.345"/>
  <testcase classname="com.lms.qa.testcases.AttendanceRegularizationTest" name="fillAttendanceRegularizationTest" time="2.909"/>
  <testcase classname="com.lms.qa.testcases.HomePageTest" name="verifyHomePageTitleTest" time="0.011"/>
  <testcase classname="com.lms.qa.testcases.LoginPageTest" name="loginPageTitleTest" time="0.01"/>
  <testcase classname="com.lms.qa.testcases.LoginPageTest" name="lmsLogoImageTest" time="0.052"/>
  <testcase classname="com.lms.qa.testcases.LoginPageTest" name="loginTest" time="6.53"/>
</testsuite>