<?xml version="1.0" encoding="UTF-8"?>
<!-- Generated by org.testng.reporters.JUnitReportReporter -->
<testsuite hostname="Chinmay1-PC" failures="0" tests="1" name="com.lms.qa.testcases.HomePageTest" time="10.158" errors="0" timestamp="2019-09-11T15:03:51 IST" skipped="0">
  <testcase classname="com.lms.qa.testcases.HomePageTest" name="verifyHomePageTitleTest" time="10.158"/>
</testsuite> <!-- com.lms.qa.testcases.HomePageTest -->
