<?xml version="1.0" encoding="UTF-8"?>
<!-- Generated by org.testng.reporters.JUnitReportReporter -->
<testsuite hostname="Chinmay1-PC" failures="0" tests="3" name="com.lms.qa.testcases.LoginPageTest" time="42.454" errors="0" timestamp="2019-09-12T14:01:48 IST" skipped="0">
  <testcase classname="com.lms.qa.testcases.LoginPageTest" name="loginPageTitleTest" time="15.950"/>
  <testcase classname="com.lms.qa.testcases.LoginPageTest" name="lmsLogoImageTest" time="7.787"/>
  <testcase classname="com.lms.qa.testcases.LoginPageTest" name="loginTest" time="18.717"/>
</testsuite> <!-- com.lms.qa.testcases.LoginPageTest -->
