<?xml version="1.0" encoding="UTF-8"?>
<!-- Generated by org.testng.reporters.JUnitReportReporter -->
<testsuite hostname="Chinmay1-PC" failures="0" tests="2" name="com.lms.qa.testcases.AttendanceRegularizationTest" time="42.374" errors="0" timestamp="2019-09-11T21:22:17 IST" skipped="0">
  <testcase classname="com.lms.qa.testcases.AttendanceRegularizationTest" name="fillAttendanceRegularizationTest" time="25.758"/>
  <testcase classname="com.lms.qa.testcases.AttendanceRegularizationTest" name="fillAttendanceRegularizationTest" time="16.616"/>
</testsuite> <!-- com.lms.qa.testcases.AttendanceRegularizationTest -->
