<?xml version="1.0" encoding="UTF-8"?>
<!-- Generated by org.testng.reporters.JUnitReportReporter -->
<testsuite hostname="Chinmay1-PC" failures="0" tests="2" name="com.lms.qa.testcases.AllSwipeDetailsReportTest" time="13.083" errors="0" timestamp="2019-09-11T15:03:51 IST" skipped="1">
  <testcase classname="com.lms.qa.testcases.AllSwipeDetailsReportTest" name="calculateInOutTimeAndDisplayOnScreen" time="13.083"/>
  <testcase classname="com.lms.qa.testcases.AllSwipeDetailsReportTest" name="verifyAllSwipeDetailsReportPageTitleTest">
    <skipped/>
  </testcase> <!-- verifyAllSwipeDetailsReportPageTitleTest -->
</testsuite> <!-- com.lms.qa.testcases.AllSwipeDetailsReportTest -->
