<?xml version="1.0" encoding="UTF-8"?>
<!-- Generated by org.testng.reporters.JUnitReportReporter -->
<testsuite hostname="Chinmay1-PC" failures="0" tests="1" name="com.lms.qa.testcases.HomePageTest" time="12.119" errors="0" timestamp="2019-09-12T23:01:49 IST" skipped="0">
  <testcase classname="com.lms.qa.testcases.HomePageTest" name="verifyHomePageTitleTest" time="12.119"/>
</testsuite> <!-- com.lms.qa.testcases.HomePageTest -->
