<?xml version="1.0" encoding="UTF-8"?>
<!-- Generated by org.testng.reporters.JUnitReportReporter -->
<testsuite hostname="Chinmay1-PC" failures="0" tests="2" name="com.lms.qa.testcases.AttendanceRegularizationTest" time="29.836" errors="0" timestamp="2019-09-12T23:01:49 IST" skipped="0">
  <testcase classname="com.lms.qa.testcases.AttendanceRegularizationTest" name="fillAttendanceRegularizationTest" time="15.807"/>
  <testcase classname="com.lms.qa.testcases.AttendanceRegularizationTest" name="fillAttendanceRegularizationTest" time="14.029"/>
</testsuite> <!-- com.lms.qa.testcases.AttendanceRegularizationTest -->
