<?xml version="1.0" encoding="UTF-8"?>
<!-- Generated by org.testng.reporters.JUnitReportReporter -->
<testsuite hostname="Chinmay1-PC" failures="0" tests="3" name="com.lms.qa.testcases.LoginPageTest" time="28.630" errors="0" timestamp="2019-09-12T23:01:49 IST" skipped="0">
  <testcase classname="com.lms.qa.testcases.LoginPageTest" name="loginPageTitleTest" time="5.534"/>
  <testcase classname="com.lms.qa.testcases.LoginPageTest" name="lmsLogoImageTest" time="8.638"/>
  <testcase classname="com.lms.qa.testcases.LoginPageTest" name="loginTest" time="14.458"/>
</testsuite> <!-- com.lms.qa.testcases.LoginPageTest -->
